2018-07-26 11:13:28.127  INFO 18268 --- [main] com.example.demo7.Application            : Starting Application on wangshengli with PID 18268 (D:\workplace\demo7\target\classes started by 0316-5 in D:\workplace\demo7)
2018-07-26 11:13:28.130  INFO 18268 --- [main] com.example.demo7.Application            : No active profile set, falling back to default profiles: default
2018-07-26 11:13:28.171  INFO 18268 --- [main] ConfigServletWebServerApplicationContext : Refreshing org.springframework.boot.web.servlet.context.AnnotationConfigServletWebServerApplicationContext@1189dd52: startup date [Thu Jul 26 11:13:28 CST 2018]; root of context hierarchy
2018-07-26 11:13:28.729  WARN 18268 --- [main] o.m.s.mapper.ClassPathMapperScanner      : No MyBatis mapper was found in '[com.example.demo7]' package. Please check your configuration.
2018-07-26 11:13:28.944  INFO 18268 --- [main] trationDelegate$BeanPostProcessorChecker : Bean 'org.springframework.transaction.annotation.ProxyTransactionManagementConfiguration' of type [org.springframework.transaction.annotation.ProxyTransactionManagementConfiguration$$EnhancerBySpringCGLIB$$1a5cccfe] is not eligible for getting processed by all BeanPostProcessors (for example: not eligible for auto-proxying)
2018-07-26 11:13:29.155  INFO 18268 --- [main] o.s.b.w.embedded.tomcat.TomcatWebServer  : Tomcat initialized with port(s): 80 (http)
2018-07-26 11:13:29.180  INFO 18268 --- [main] o.apache.catalina.core.StandardService   : Starting service [Tomcat]
2018-07-26 11:13:29.180  INFO 18268 --- [main] org.apache.catalina.core.StandardEngine  : Starting Servlet Engine: Apache Tomcat/8.5.31
2018-07-26 11:13:29.184  INFO 18268 --- [localhost-startStop-1] o.a.catalina.core.AprLifecycleListener   : The APR based Apache Tomcat Native library which allows optimal performance in production environments was not found on the java.library.path: [D:\Program Files\Java\jdk1.8.0_161\bin;C:\Windows\Sun\Java\bin;C:\Windows\system32;C:\Windows;C:\ProgramData\Oracle\Java\javapath;C:\Windows\system32;C:\Windows;C:\Windows\System32\Wbem;C:\Windows\System32\WindowsPowerShell\v1.0\;D:\Program Files\Java\jdk1.8.0_161\bin;D:\Program Files\Java\jdk1.8.0_161\jre\bin;D:\Program Files\python;D:\Program Files (x86)\Firefox;D:\Program Files (x86)\Tesseract-OCR;D:\Program Files\Java\sdk\tools;D:\Program Files\Java\sdk\platform-tools;C:\Program Files\nodejs\;D:\Program Files\python\Scripts;D:\Program Files\Java\sdk\tools;C:\Program Files\MySQL\MySQL Server 5.7\bin;C:\strawberry\c\bin;C:\strawberry\perl\bin;C:\Program Files\MySQL\MySQL Server 5.7\bin\bin;C:\Program Files\MySQL\MySQL Utilities 1.6\;d:\Program Files\Git\cmd;D:\Program Files\TortoiseGit\bin;%ANT_HOME%\bin;D:\apache-jmeter-3.3\bin;C:\Users\0316-5\AppData\Local\Microsoft\WindowsApps;;D:\Program Files (x86)\Fiddler;C:\Users\0316-5\AppData\Roaming\npm;.]
2018-07-26 11:13:29.269  INFO 18268 --- [localhost-startStop-1] o.a.c.c.C.[Tomcat].[localhost].[/]       : Initializing Spring embedded WebApplicationContext
2018-07-26 11:13:29.269  INFO 18268 --- [localhost-startStop-1] o.s.web.context.ContextLoader            : Root WebApplicationContext: initialization completed in 1098 ms
2018-07-26 11:13:29.355  INFO 18268 --- [localhost-startStop-1] o.s.b.w.servlet.ServletRegistrationBean  : Servlet dispatcherServlet mapped to [/]
2018-07-26 11:13:29.358  INFO 18268 --- [localhost-startStop-1] o.s.b.w.servlet.FilterRegistrationBean   : Mapping filter: 'characterEncodingFilter' to: [/*]
2018-07-26 11:13:29.358  INFO 18268 --- [localhost-startStop-1] o.s.b.w.servlet.FilterRegistrationBean   : Mapping filter: 'hiddenHttpMethodFilter' to: [/*]
2018-07-26 11:13:29.359  INFO 18268 --- [localhost-startStop-1] o.s.b.w.servlet.FilterRegistrationBean   : Mapping filter: 'httpPutFormContentFilter' to: [/*]
2018-07-26 11:13:29.359  INFO 18268 --- [localhost-startStop-1] o.s.b.w.servlet.FilterRegistrationBean   : Mapping filter: 'requestContextFilter' to: [/*]
2018-07-26 11:13:29.829  INFO 18268 --- [main] s.w.s.m.m.a.RequestMappingHandlerMapping : Mapped "{[/getUserCount],methods=[GET]}" onto public int com.example.demo7.controller.demo.getUserList()
2018-07-26 11:13:29.831  INFO 18268 --- [main] s.w.s.m.m.a.RequestMappingHandlerMapping : Mapped "{[/getCookies],methods=[GET]}" onto public java.lang.String com.example.demo7.controller.MyGetMethod.getCookies(javax.servlet.http.HttpServletResponse)
2018-07-26 11:13:29.831  INFO 18268 --- [main] s.w.s.m.m.a.RequestMappingHandlerMapping : Mapped "{[/getWithCookies],methods=[GET]}" onto public java.lang.String com.example.demo7.controller.MyGetMethod.getWithCookies(javax.servlet.http.HttpServletRequest)
2018-07-26 11:13:29.831  INFO 18268 --- [main] s.w.s.m.m.a.RequestMappingHandlerMapping : Mapped "{[/getWithParmeter],methods=[GET]}" onto public java.util.Map<java.lang.String, java.lang.Integer> com.example.demo7.controller.MyGetMethod.getList(java.lang.Integer,java.lang.Integer)
2018-07-26 11:13:29.831  INFO 18268 --- [main] s.w.s.m.m.a.RequestMappingHandlerMapping : Mapped "{[/get/with/param/{start}/{end}],methods=[GET]}" onto public java.util.Map<java.lang.String, java.lang.Integer> com.example.demo7.controller.MyGetMethod.myGetList(java.lang.Integer,java.lang.Integer)
2018-07-26 11:13:29.832  INFO 18268 --- [main] s.w.s.m.m.a.RequestMappingHandlerMapping : Mapped "{[/v2/api-docs],methods=[GET],produces=[application/json || application/hal+json]}" onto public org.springframework.http.ResponseEntity<springfox.documentation.spring.web.json.Json> springfox.documentation.swagger2.web.Swagger2Controller.getDocumentation(java.lang.String,javax.servlet.http.HttpServletRequest)
2018-07-26 11:13:29.835  INFO 18268 --- [main] s.w.s.m.m.a.RequestMappingHandlerMapping : Mapped "{[/swagger-resources/configuration/security]}" onto org.springframework.http.ResponseEntity<springfox.documentation.swagger.web.SecurityConfiguration> springfox.documentation.swagger.web.ApiResourceController.securityConfiguration()
2018-07-26 11:13:29.836  INFO 18268 --- [main] s.w.s.m.m.a.RequestMappingHandlerMapping : Mapped "{[/swagger-resources]}" onto org.springframework.http.ResponseEntity<java.util.List<springfox.documentation.swagger.web.SwaggerResource>> springfox.documentation.swagger.web.ApiResourceController.swaggerResources()
2018-07-26 11:13:29.837  INFO 18268 --- [main] s.w.s.m.m.a.RequestMappingHandlerMapping : Mapped "{[/swagger-resources/configuration/ui]}" onto org.springframework.http.ResponseEntity<springfox.documentation.swagger.web.UiConfiguration> springfox.documentation.swagger.web.ApiResourceController.uiConfiguration()
2018-07-26 11:13:29.839  INFO 18268 --- [main] s.w.s.m.m.a.RequestMappingHandlerMapping : Mapped "{[/error]}" onto public org.springframework.http.ResponseEntity<java.util.Map<java.lang.String, java.lang.Object>> org.springframework.boot.autoconfigure.web.servlet.error.BasicErrorController.error(javax.servlet.http.HttpServletRequest)
2018-07-26 11:13:29.839  INFO 18268 --- [main] s.w.s.m.m.a.RequestMappingHandlerMapping : Mapped "{[/error],produces=[text/html]}" onto public org.springframework.web.servlet.ModelAndView org.springframework.boot.autoconfigure.web.servlet.error.BasicErrorController.errorHtml(javax.servlet.http.HttpServletRequest,javax.servlet.http.HttpServletResponse)
2018-07-26 11:13:29.936  INFO 18268 --- [main] o.s.w.s.handler.SimpleUrlHandlerMapping  : Mapped URL path [/**/favicon.ico] onto handler of type [class org.springframework.web.servlet.resource.ResourceHttpRequestHandler]
2018-07-26 11:13:30.033  INFO 18268 --- [main] s.w.s.m.m.a.RequestMappingHandlerAdapter : Looking for @ControllerAdvice: org.springframework.boot.web.servlet.context.AnnotationConfigServletWebServerApplicationContext@1189dd52: startup date [Thu Jul 26 11:13:28 CST 2018]; root of context hierarchy
2018-07-26 11:13:30.069  INFO 18268 --- [main] o.s.w.s.handler.SimpleUrlHandlerMapping  : Mapped URL path [/webjars/**] onto handler of type [class org.springframework.web.servlet.resource.ResourceHttpRequestHandler]
2018-07-26 11:13:30.069  INFO 18268 --- [main] o.s.w.s.handler.SimpleUrlHandlerMapping  : Mapped URL path [/**] onto handler of type [class org.springframework.web.servlet.resource.ResourceHttpRequestHandler]
2018-07-26 11:13:30.231  INFO 18268 --- [main] o.s.j.e.a.AnnotationMBeanExporter        : Registering beans for JMX exposure on startup
2018-07-26 11:13:30.232  INFO 18268 --- [main] o.s.j.e.a.AnnotationMBeanExporter        : Bean with name 'dataSource' has been autodetected for JMX exposure
2018-07-26 11:13:30.238  INFO 18268 --- [main] o.s.j.e.a.AnnotationMBeanExporter        : Located MBean 'dataSource': registering with JMX server as MBean [com.zaxxer.hikari:name=dataSource,type=HikariDataSource]
2018-07-26 11:13:30.241  INFO 18268 --- [main] o.s.c.support.DefaultLifecycleProcessor  : Starting beans in phase 2147483647
2018-07-26 11:13:30.242  INFO 18268 --- [main] d.s.w.p.DocumentationPluginsBootstrapper : Context refreshed
2018-07-26 11:13:30.255  INFO 18268 --- [main] d.s.w.p.DocumentationPluginsBootstrapper : Found 1 custom documentation plugin(s)
2018-07-26 11:13:30.265  INFO 18268 --- [main] s.d.s.w.s.ApiListingReferenceScanner     : Scanning for api listing references
2018-07-26 11:13:30.380  INFO 18268 --- [main] o.s.b.w.embedded.tomcat.TomcatWebServer  : Tomcat started on port(s): 80 (http) with context path ''
2018-07-26 11:13:30.383  INFO 18268 --- [main] com.example.demo7.Application            : Started Application in 2.569 seconds (JVM running for 3.153)
2018-07-26 11:13:51.974  INFO 18268 --- [http-nio-80-exec-1] o.a.c.c.C.[Tomcat].[localhost].[/]       : Initializing Spring FrameworkServlet 'dispatcherServlet'
2018-07-26 11:13:51.974  INFO 18268 --- [http-nio-80-exec-1] o.s.web.servlet.DispatcherServlet        : FrameworkServlet 'dispatcherServlet': initialization started
2018-07-26 11:13:51.990  INFO 18268 --- [http-nio-80-exec-1] o.s.web.servlet.DispatcherServlet        : FrameworkServlet 'dispatcherServlet': initialization completed in 14 ms
2018-07-26 11:18:03.215  INFO 23536 --- [main] com.example.demo7.Application            : Starting Application on wangshengli with PID 23536 (D:\workplace\demo7\target\classes started by 0316-5 in D:\workplace\demo7)
2018-07-26 11:18:03.218  INFO 23536 --- [main] com.example.demo7.Application            : No active profile set, falling back to default profiles: default
2018-07-26 11:18:03.250  INFO 23536 --- [main] ConfigServletWebServerApplicationContext : Refreshing org.springframework.boot.web.servlet.context.AnnotationConfigServletWebServerApplicationContext@1189dd52: startup date [Thu Jul 26 11:18:03 CST 2018]; root of context hierarchy
2018-07-26 11:18:03.748  WARN 23536 --- [main] o.m.s.mapper.ClassPathMapperScanner      : No MyBatis mapper was found in '[com.example.demo7]' package. Please check your configuration.
2018-07-26 11:18:03.968  INFO 23536 --- [main] trationDelegate$BeanPostProcessorChecker : Bean 'org.springframework.transaction.annotation.ProxyTransactionManagementConfiguration' of type [org.springframework.transaction.annotation.ProxyTransactionManagementConfiguration$$EnhancerBySpringCGLIB$$4783b9b1] is not eligible for getting processed by all BeanPostProcessors (for example: not eligible for auto-proxying)
2018-07-26 11:18:04.189  INFO 23536 --- [main] o.s.b.w.embedded.tomcat.TomcatWebServer  : Tomcat initialized with port(s): 80 (http)
2018-07-26 11:18:04.215  INFO 23536 --- [main] o.apache.catalina.core.StandardService   : Starting service [Tomcat]
2018-07-26 11:18:04.215  INFO 23536 --- [main] org.apache.catalina.core.StandardEngine  : Starting Servlet Engine: Apache Tomcat/8.5.31
2018-07-26 11:18:04.218  INFO 23536 --- [localhost-startStop-1] o.a.catalina.core.AprLifecycleListener   : The APR based Apache Tomcat Native library which allows optimal performance in production environments was not found on the java.library.path: [D:\Program Files\Java\jdk1.8.0_161\bin;C:\Windows\Sun\Java\bin;C:\Windows\system32;C:\Windows;C:\ProgramData\Oracle\Java\javapath;C:\Windows\system32;C:\Windows;C:\Windows\System32\Wbem;C:\Windows\System32\WindowsPowerShell\v1.0\;D:\Program Files\Java\jdk1.8.0_161\bin;D:\Program Files\Java\jdk1.8.0_161\jre\bin;D:\Program Files\python;D:\Program Files (x86)\Firefox;D:\Program Files (x86)\Tesseract-OCR;D:\Program Files\Java\sdk\tools;D:\Program Files\Java\sdk\platform-tools;C:\Program Files\nodejs\;D:\Program Files\python\Scripts;D:\Program Files\Java\sdk\tools;C:\Program Files\MySQL\MySQL Server 5.7\bin;C:\strawberry\c\bin;C:\strawberry\perl\bin;C:\Program Files\MySQL\MySQL Server 5.7\bin\bin;C:\Program Files\MySQL\MySQL Utilities 1.6\;d:\Program Files\Git\cmd;D:\Program Files\TortoiseGit\bin;%ANT_HOME%\bin;D:\apache-jmeter-3.3\bin;C:\Users\0316-5\AppData\Local\Microsoft\WindowsApps;;D:\Program Files (x86)\Fiddler;C:\Users\0316-5\AppData\Roaming\npm;.]
2018-07-26 11:18:04.303  INFO 23536 --- [localhost-startStop-1] o.a.c.c.C.[Tomcat].[localhost].[/]       : Initializing Spring embedded WebApplicationContext
2018-07-26 11:18:04.303  INFO 23536 --- [localhost-startStop-1] o.s.web.context.ContextLoader            : Root WebApplicationContext: initialization completed in 1053 ms
2018-07-26 11:18:04.392  INFO 23536 --- [localhost-startStop-1] o.s.b.w.servlet.ServletRegistrationBean  : Servlet dispatcherServlet mapped to [/]
2018-07-26 11:18:04.396  INFO 23536 --- [localhost-startStop-1] o.s.b.w.servlet.FilterRegistrationBean   : Mapping filter: 'characterEncodingFilter' to: [/*]
2018-07-26 11:18:04.397  INFO 23536 --- [localhost-startStop-1] o.s.b.w.servlet.FilterRegistrationBean   : Mapping filter: 'hiddenHttpMethodFilter' to: [/*]
2018-07-26 11:18:04.397  INFO 23536 --- [localhost-startStop-1] o.s.b.w.servlet.FilterRegistrationBean   : Mapping filter: 'httpPutFormContentFilter' to: [/*]
2018-07-26 11:18:04.397  INFO 23536 --- [localhost-startStop-1] o.s.b.w.servlet.FilterRegistrationBean   : Mapping filter: 'requestContextFilter' to: [/*]
2018-07-26 11:18:04.842  INFO 23536 --- [main] s.w.s.m.m.a.RequestMappingHandlerMapping : Mapped "{[/get/with/param/{start}/{end}],methods=[GET]}" onto public java.util.Map<java.lang.String, java.lang.Integer> com.example.demo7.controller.MyGetMethod.myGetList(java.lang.Integer,java.lang.Integer)
2018-07-26 11:18:04.842  INFO 23536 --- [main] s.w.s.m.m.a.RequestMappingHandlerMapping : Mapped "{[/getCookies],methods=[GET]}" onto public java.lang.String com.example.demo7.controller.MyGetMethod.getCookies(javax.servlet.http.HttpServletResponse)
2018-07-26 11:18:04.842  INFO 23536 --- [main] s.w.s.m.m.a.RequestMappingHandlerMapping : Mapped "{[/getWithCookies],methods=[GET]}" onto public java.lang.String com.example.demo7.controller.MyGetMethod.getWithCookies(javax.servlet.http.HttpServletRequest)
2018-07-26 11:18:04.843  INFO 23536 --- [main] s.w.s.m.m.a.RequestMappingHandlerMapping : Mapped "{[/getWithParmeter],methods=[GET]}" onto public java.util.Map<java.lang.String, java.lang.Integer> com.example.demo7.controller.MyGetMethod.getList(java.lang.Integer,java.lang.Integer)
2018-07-26 11:18:04.843  INFO 23536 --- [main] s.w.s.m.m.a.RequestMappingHandlerMapping : Mapped "{[/login],methods=[POST]}" onto public java.lang.String com.example.demo7.controller.MyPostMethond.login(javax.servlet.http.HttpServletResponse,java.lang.String,java.lang.String)
2018-07-26 11:18:04.843  INFO 23536 --- [main] s.w.s.m.m.a.RequestMappingHandlerMapping : Mapped "{[/getUser],methods=[POST]}" onto public java.lang.String com.example.demo7.controller.MyPostMethond.getUserList(javax.servlet.http.HttpServletRequest,com.example.demo7.dao.User)
2018-07-26 11:18:04.844  INFO 23536 --- [main] s.w.s.m.m.a.RequestMappingHandlerMapping : Mapped "{[/getUserCount],methods=[GET]}" onto public int com.example.demo7.controller.SqlInterface.getUserList()
2018-07-26 11:18:04.844  INFO 23536 --- [main] s.w.s.m.m.a.RequestMappingHandlerMapping : Mapped "{[/v2/api-docs],methods=[GET],produces=[application/json || application/hal+json]}" onto public org.springframework.http.ResponseEntity<springfox.documentation.spring.web.json.Json> springfox.documentation.swagger2.web.Swagger2Controller.getDocumentation(java.lang.String,javax.servlet.http.HttpServletRequest)
2018-07-26 11:18:04.848  INFO 23536 --- [main] s.w.s.m.m.a.RequestMappingHandlerMapping : Mapped "{[/swagger-resources/configuration/ui]}" onto org.springframework.http.ResponseEntity<springfox.documentation.swagger.web.UiConfiguration> springfox.documentation.swagger.web.ApiResourceController.uiConfiguration()
2018-07-26 11:18:04.849  INFO 23536 --- [main] s.w.s.m.m.a.RequestMappingHandlerMapping : Mapped "{[/swagger-resources]}" onto org.springframework.http.ResponseEntity<java.util.List<springfox.documentation.swagger.web.SwaggerResource>> springfox.documentation.swagger.web.ApiResourceController.swaggerResources()
2018-07-26 11:18:04.849  INFO 23536 --- [main] s.w.s.m.m.a.RequestMappingHandlerMapping : Mapped "{[/swagger-resources/configuration/security]}" onto org.springframework.http.ResponseEntity<springfox.documentation.swagger.web.SecurityConfiguration> springfox.documentation.swagger.web.ApiResourceController.securityConfiguration()
2018-07-26 11:18:04.852  INFO 23536 --- [main] s.w.s.m.m.a.RequestMappingHandlerMapping : Mapped "{[/error]}" onto public org.springframework.http.ResponseEntity<java.util.Map<java.lang.String, java.lang.Object>> org.springframework.boot.autoconfigure.web.servlet.error.BasicErrorController.error(javax.servlet.http.HttpServletRequest)
2018-07-26 11:18:04.852  INFO 23536 --- [main] s.w.s.m.m.a.RequestMappingHandlerMapping : Mapped "{[/error],produces=[text/html]}" onto public org.springframework.web.servlet.ModelAndView org.springframework.boot.autoconfigure.web.servlet.error.BasicErrorController.errorHtml(javax.servlet.http.HttpServletRequest,javax.servlet.http.HttpServletResponse)
2018-07-26 11:18:04.949  INFO 23536 --- [main] o.s.w.s.handler.SimpleUrlHandlerMapping  : Mapped URL path [/**/favicon.ico] onto handler of type [class org.springframework.web.servlet.resource.ResourceHttpRequestHandler]
2018-07-26 11:18:05.040  INFO 23536 --- [main] s.w.s.m.m.a.RequestMappingHandlerAdapter : Looking for @ControllerAdvice: org.springframework.boot.web.servlet.context.AnnotationConfigServletWebServerApplicationContext@1189dd52: startup date [Thu Jul 26 11:18:03 CST 2018]; root of context hierarchy
2018-07-26 11:18:05.074  INFO 23536 --- [main] o.s.w.s.handler.SimpleUrlHandlerMapping  : Mapped URL path [/webjars/**] onto handler of type [class org.springframework.web.servlet.resource.ResourceHttpRequestHandler]
2018-07-26 11:18:05.074  INFO 23536 --- [main] o.s.w.s.handler.SimpleUrlHandlerMapping  : Mapped URL path [/**] onto handler of type [class org.springframework.web.servlet.resource.ResourceHttpRequestHandler]
2018-07-26 11:18:05.239  INFO 23536 --- [main] o.s.j.e.a.AnnotationMBeanExporter        : Registering beans for JMX exposure on startup
2018-07-26 11:18:05.241  INFO 23536 --- [main] o.s.j.e.a.AnnotationMBeanExporter        : Bean with name 'dataSource' has been autodetected for JMX exposure
2018-07-26 11:18:05.245  INFO 23536 --- [main] o.s.j.e.a.AnnotationMBeanExporter        : Located MBean 'dataSource': registering with JMX server as MBean [com.zaxxer.hikari:name=dataSource,type=HikariDataSource]
2018-07-26 11:18:05.248  INFO 23536 --- [main] o.s.c.support.DefaultLifecycleProcessor  : Starting beans in phase 2147483647
2018-07-26 11:18:05.248  INFO 23536 --- [main] d.s.w.p.DocumentationPluginsBootstrapper : Context refreshed
2018-07-26 11:18:05.258  INFO 23536 --- [main] d.s.w.p.DocumentationPluginsBootstrapper : Found 1 custom documentation plugin(s)
2018-07-26 11:18:05.267  INFO 23536 --- [main] s.d.s.w.s.ApiListingReferenceScanner     : Scanning for api listing references
2018-07-26 11:18:05.415  INFO 23536 --- [main] o.s.b.w.embedded.tomcat.TomcatWebServer  : Tomcat started on port(s): 80 (http) with context path ''
2018-07-26 11:18:05.419  INFO 23536 --- [main] com.example.demo7.Application            : Started Application in 2.506 seconds (JVM running for 3.092)
2018-07-26 11:18:11.121  INFO 23536 --- [http-nio-80-exec-1] o.a.c.c.C.[Tomcat].[localhost].[/]       : Initializing Spring FrameworkServlet 'dispatcherServlet'
2018-07-26 11:18:11.122  INFO 23536 --- [http-nio-80-exec-1] o.s.web.servlet.DispatcherServlet        : FrameworkServlet 'dispatcherServlet': initialization started
2018-07-26 11:18:11.137  INFO 23536 --- [http-nio-80-exec-1] o.s.web.servlet.DispatcherServlet        : FrameworkServlet 'dispatcherServlet': initialization completed in 15 ms
2018-07-26 11:19:44.032  INFO 18100 --- [main] com.example.demo7.Application            : Starting Application on wangshengli with PID 18100 (D:\workplace\demo7\target\classes started by 0316-5 in D:\workplace\demo7)
2018-07-26 11:19:44.034  INFO 18100 --- [main] com.example.demo7.Application            : No active profile set, falling back to default profiles: default
2018-07-26 11:19:44.067  INFO 18100 --- [main] ConfigServletWebServerApplicationContext : Refreshing org.springframework.boot.web.servlet.context.AnnotationConfigServletWebServerApplicationContext@1189dd52: startup date [Thu Jul 26 11:19:44 CST 2018]; root of context hierarchy
2018-07-26 11:19:44.652  WARN 18100 --- [main] o.m.s.mapper.ClassPathMapperScanner      : No MyBatis mapper was found in '[com.example.demo7]' package. Please check your configuration.
2018-07-26 11:19:44.905  INFO 18100 --- [main] trationDelegate$BeanPostProcessorChecker : Bean 'org.springframework.transaction.annotation.ProxyTransactionManagementConfiguration' of type [org.springframework.transaction.annotation.ProxyTransactionManagementConfiguration$$EnhancerBySpringCGLIB$$447d062e] is not eligible for getting processed by all BeanPostProcessors (for example: not eligible for auto-proxying)
2018-07-26 11:19:45.117  INFO 18100 --- [main] o.s.b.w.embedded.tomcat.TomcatWebServer  : Tomcat initialized with port(s): 80 (http)
2018-07-26 11:19:45.148  INFO 18100 --- [main] o.apache.catalina.core.StandardService   : Starting service [Tomcat]
2018-07-26 11:19:45.148  INFO 18100 --- [main] org.apache.catalina.core.StandardEngine  : Starting Servlet Engine: Apache Tomcat/8.5.31
2018-07-26 11:19:45.153  INFO 18100 --- [localhost-startStop-1] o.a.catalina.core.AprLifecycleListener   : The APR based Apache Tomcat Native library which allows optimal performance in production environments was not found on the java.library.path: [D:\Program Files\Java\jdk1.8.0_161\bin;C:\Windows\Sun\Java\bin;C:\Windows\system32;C:\Windows;C:\ProgramData\Oracle\Java\javapath;C:\Windows\system32;C:\Windows;C:\Windows\System32\Wbem;C:\Windows\System32\WindowsPowerShell\v1.0\;D:\Program Files\Java\jdk1.8.0_161\bin;D:\Program Files\Java\jdk1.8.0_161\jre\bin;D:\Program Files\python;D:\Program Files (x86)\Firefox;D:\Program Files (x86)\Tesseract-OCR;D:\Program Files\Java\sdk\tools;D:\Program Files\Java\sdk\platform-tools;C:\Program Files\nodejs\;D:\Program Files\python\Scripts;D:\Program Files\Java\sdk\tools;C:\Program Files\MySQL\MySQL Server 5.7\bin;C:\strawberry\c\bin;C:\strawberry\perl\bin;C:\Program Files\MySQL\MySQL Server 5.7\bin\bin;C:\Program Files\MySQL\MySQL Utilities 1.6\;d:\Program Files\Git\cmd;D:\Program Files\TortoiseGit\bin;%ANT_HOME%\bin;D:\apache-jmeter-3.3\bin;C:\Users\0316-5\AppData\Local\Microsoft\WindowsApps;;D:\Program Files (x86)\Fiddler;C:\Users\0316-5\AppData\Roaming\npm;.]
2018-07-26 11:19:45.238  INFO 18100 --- [localhost-startStop-1] o.a.c.c.C.[Tomcat].[localhost].[/]       : Initializing Spring embedded WebApplicationContext
2018-07-26 11:19:45.239  INFO 18100 --- [localhost-startStop-1] o.s.web.context.ContextLoader            : Root WebApplicationContext: initialization completed in 1172 ms
2018-07-26 11:19:45.337  INFO 18100 --- [localhost-startStop-1] o.s.b.w.servlet.ServletRegistrationBean  : Servlet dispatcherServlet mapped to [/]
2018-07-26 11:19:45.340  INFO 18100 --- [localhost-startStop-1] o.s.b.w.servlet.FilterRegistrationBean   : Mapping filter: 'characterEncodingFilter' to: [/*]
2018-07-26 11:19:45.340  INFO 18100 --- [localhost-startStop-1] o.s.b.w.servlet.FilterRegistrationBean   : Mapping filter: 'hiddenHttpMethodFilter' to: [/*]
2018-07-26 11:19:45.340  INFO 18100 --- [localhost-startStop-1] o.s.b.w.servlet.FilterRegistrationBean   : Mapping filter: 'httpPutFormContentFilter' to: [/*]
2018-07-26 11:19:45.340  INFO 18100 --- [localhost-startStop-1] o.s.b.w.servlet.FilterRegistrationBean   : Mapping filter: 'requestContextFilter' to: [/*]
2018-07-26 11:19:45.817  INFO 18100 --- [main] s.w.s.m.m.a.RequestMappingHandlerMapping : Mapped "{[/getCookies],methods=[GET]}" onto public java.lang.String com.example.demo7.controller.MyGetMethod.getCookies(javax.servlet.http.HttpServletResponse)
2018-07-26 11:19:45.818  INFO 18100 --- [main] s.w.s.m.m.a.RequestMappingHandlerMapping : Mapped "{[/get/with/param/{start}/{end}],methods=[GET]}" onto public java.util.Map<java.lang.String, java.lang.Integer> com.example.demo7.controller.MyGetMethod.myGetList(java.lang.Integer,java.lang.Integer)
2018-07-26 11:19:45.818  INFO 18100 --- [main] s.w.s.m.m.a.RequestMappingHandlerMapping : Mapped "{[/getWithCookies],methods=[GET]}" onto public java.lang.String com.example.demo7.controller.MyGetMethod.getWithCookies(javax.servlet.http.HttpServletRequest)
2018-07-26 11:19:45.818  INFO 18100 --- [main] s.w.s.m.m.a.RequestMappingHandlerMapping : Mapped "{[/getWithParmeter],methods=[GET]}" onto public java.util.Map<java.lang.String, java.lang.Integer> com.example.demo7.controller.MyGetMethod.getList(java.lang.Integer,java.lang.Integer)
2018-07-26 11:19:45.818  INFO 18100 --- [main] s.w.s.m.m.a.RequestMappingHandlerMapping : Mapped "{[/login],methods=[POST]}" onto public java.lang.String com.example.demo7.controller.MyPostMethond.login(javax.servlet.http.HttpServletResponse,java.lang.String,java.lang.String)
2018-07-26 11:19:45.818  INFO 18100 --- [main] s.w.s.m.m.a.RequestMappingHandlerMapping : Mapped "{[/getUser],methods=[POST]}" onto public java.lang.String com.example.demo7.controller.MyPostMethond.getUserList(javax.servlet.http.HttpServletRequest,com.example.demo7.dao.User)
2018-07-26 11:19:45.819  INFO 18100 --- [main] s.w.s.m.m.a.RequestMappingHandlerMapping : Mapped "{[/getUserCount],methods=[GET]}" onto public int com.example.demo7.controller.SqlInterface.getUserList()
2018-07-26 11:19:45.819  INFO 18100 --- [main] s.w.s.m.m.a.RequestMappingHandlerMapping : Mapped "{[/v2/api-docs],methods=[GET],produces=[application/json || application/hal+json]}" onto public org.springframework.http.ResponseEntity<springfox.documentation.spring.web.json.Json> springfox.documentation.swagger2.web.Swagger2Controller.getDocumentation(java.lang.String,javax.servlet.http.HttpServletRequest)
2018-07-26 11:19:45.823  INFO 18100 --- [main] s.w.s.m.m.a.RequestMappingHandlerMapping : Mapped "{[/swagger-resources/configuration/security]}" onto org.springframework.http.ResponseEntity<springfox.documentation.swagger.web.SecurityConfiguration> springfox.documentation.swagger.web.ApiResourceController.securityConfiguration()
2018-07-26 11:19:45.823  INFO 18100 --- [main] s.w.s.m.m.a.RequestMappingHandlerMapping : Mapped "{[/swagger-resources/configuration/ui]}" onto org.springframework.http.ResponseEntity<springfox.documentation.swagger.web.UiConfiguration> springfox.documentation.swagger.web.ApiResourceController.uiConfiguration()
2018-07-26 11:19:45.824  INFO 18100 --- [main] s.w.s.m.m.a.RequestMappingHandlerMapping : Mapped "{[/swagger-resources]}" onto org.springframework.http.ResponseEntity<java.util.List<springfox.documentation.swagger.web.SwaggerResource>> springfox.documentation.swagger.web.ApiResourceController.swaggerResources()
2018-07-26 11:19:45.826  INFO 18100 --- [main] s.w.s.m.m.a.RequestMappingHandlerMapping : Mapped "{[/error]}" onto public org.springframework.http.ResponseEntity<java.util.Map<java.lang.String, java.lang.Object>> org.springframework.boot.autoconfigure.web.servlet.error.BasicErrorController.error(javax.servlet.http.HttpServletRequest)
2018-07-26 11:19:45.826  INFO 18100 --- [main] s.w.s.m.m.a.RequestMappingHandlerMapping : Mapped "{[/error],produces=[text/html]}" onto public org.springframework.web.servlet.ModelAndView org.springframework.boot.autoconfigure.web.servlet.error.BasicErrorController.errorHtml(javax.servlet.http.HttpServletRequest,javax.servlet.http.HttpServletResponse)
2018-07-26 11:19:45.924  INFO 18100 --- [main] o.s.w.s.handler.SimpleUrlHandlerMapping  : Mapped URL path [/**/favicon.ico] onto handler of type [class org.springframework.web.servlet.resource.ResourceHttpRequestHandler]
2018-07-26 11:19:46.017  INFO 18100 --- [main] s.w.s.m.m.a.RequestMappingHandlerAdapter : Looking for @ControllerAdvice: org.springframework.boot.web.servlet.context.AnnotationConfigServletWebServerApplicationContext@1189dd52: startup date [Thu Jul 26 11:19:44 CST 2018]; root of context hierarchy
2018-07-26 11:19:46.059  INFO 18100 --- [main] o.s.w.s.handler.SimpleUrlHandlerMapping  : Mapped URL path [/webjars/**] onto handler of type [class org.springframework.web.servlet.resource.ResourceHttpRequestHandler]
2018-07-26 11:19:46.060  INFO 18100 --- [main] o.s.w.s.handler.SimpleUrlHandlerMapping  : Mapped URL path [/**] onto handler of type [class org.springframework.web.servlet.resource.ResourceHttpRequestHandler]
2018-07-26 11:19:46.236  INFO 18100 --- [main] o.s.j.e.a.AnnotationMBeanExporter        : Registering beans for JMX exposure on startup
2018-07-26 11:19:46.237  INFO 18100 --- [main] o.s.j.e.a.AnnotationMBeanExporter        : Bean with name 'dataSource' has been autodetected for JMX exposure
2018-07-26 11:19:46.242  INFO 18100 --- [main] o.s.j.e.a.AnnotationMBeanExporter        : Located MBean 'dataSource': registering with JMX server as MBean [com.zaxxer.hikari:name=dataSource,type=HikariDataSource]
2018-07-26 11:19:46.245  INFO 18100 --- [main] o.s.c.support.DefaultLifecycleProcessor  : Starting beans in phase 2147483647
2018-07-26 11:19:46.245  INFO 18100 --- [main] d.s.w.p.DocumentationPluginsBootstrapper : Context refreshed
2018-07-26 11:19:46.255  INFO 18100 --- [main] d.s.w.p.DocumentationPluginsBootstrapper : Found 1 custom documentation plugin(s)
2018-07-26 11:19:46.264  INFO 18100 --- [main] s.d.s.w.s.ApiListingReferenceScanner     : Scanning for api listing references
2018-07-26 11:19:46.416  INFO 18100 --- [main] o.s.b.w.embedded.tomcat.TomcatWebServer  : Tomcat started on port(s): 80 (http) with context path ''
2018-07-26 11:19:46.419  INFO 18100 --- [main] com.example.demo7.Application            : Started Application in 2.686 seconds (JVM running for 3.284)
2018-07-26 11:19:52.371  INFO 18100 --- [http-nio-80-exec-1] o.a.c.c.C.[Tomcat].[localhost].[/]       : Initializing Spring FrameworkServlet 'dispatcherServlet'
2018-07-26 11:19:52.371  INFO 18100 --- [http-nio-80-exec-1] o.s.web.servlet.DispatcherServlet        : FrameworkServlet 'dispatcherServlet': initialization started
2018-07-26 11:19:52.388  INFO 18100 --- [http-nio-80-exec-1] o.s.web.servlet.DispatcherServlet        : FrameworkServlet 'dispatcherServlet': initialization completed in 17 ms
